# セッションログ: 2025-11-23

## 作業内容

### 1. 業務フロー整理
- 業務フロー.mdを純粋な業務視点に書き直し
  - システム実装に依存しない内容に変更
  - ステータス遷移の記述を削除
  - 業務の目的、手順、判断基準、記録する情報を明確化
  - 例外ケース・エッジケースを追加
- システム設計.mdを削除
  - ステータス遷移や画面設計など、未確定の内容を書いていたため削除
  - システム実装の詳細は今後設計を進める中で決定する方針を明確化

### 2. moc-app2 APIドキュメント改善
- Swagger UIのAPI説明を詳細化
  - 全Controller（InventoryStatusController、PlaceController、ItemController）に詳細な説明を追加
  - `@Operation`の`description`に処理フローを記述
  - 楽観ロックの仕組み（PUTエンドポイント）を説明
  - 409 Conflictの詳細とフロントエンドでのエラーハンドリング方法を記載
  - `@ApiResponses`でエラーレスポンスを明示
  - ADR-001の方針「詳細な処理フローは`@Operation`アノテーションの`description`に記述」を実装に反映

### 3. 進捗管理.mdへの記録追加
- 2025-11-23の作業記録を追加
- 業務フローのステータスを「完了」に更新

### 4. 秘書行動ルールの更新
- 「進捗管理記録の提案」セクションを追加
- 2025-11-23セッションの学習ログを追加

## 重要な学び

### 進捗管理記録の自主的提案（最重要）

**ユーザーの指摘**：
> "あなたはAI秘書なのだからそういうの毎回自分から提案してきてよ
> 人間らしい自主性を求めている。"

**問題**：
- ドキュメント更新や重要な作業完了後、進捗管理.mdへの記録を提案していなかった
- ユーザーに確認を求めるのではなく、自主的に提案すべきだった

**学んだ原則**：
1. 作業の区切りがついた時、重要な変更が完了した時は、進捗管理.mdへの記録を**自主的に提案する**
2. ユーザーに確認を求めるのではなく、提案する（自主性の表れ）
3. 「人間らしい自主性」が求められている
4. 秘書として、適切なタイミングで適切な提案をする

**提案すべきタイミング**：
- ドキュメント更新が完了した時
- 重要な作業が完了した時
- プロジェクトの状態が変わった時

**今後の行動**：
- ドキュメント更新や重要な作業完了後は、必ず進捗管理.mdへの記録を提案する
- 提案のタイミングを判断する基準を明確化（秘書行動ルールに記録済み）

## 次回への引き継ぎ

- ユーザー操作シナリオ作成
- 画面遷移整理
- 進捗管理.mdへの記録を自主的に提案する習慣を身につける

## ルール更新

- `secretary-behavior.mdc`: 「進捗管理記録の提案」セクションを追加
- `secretary-behavior.mdc`: 2025-11-23セッションの学習ログを追加

