# AI Session Log - 2025-11-08 Session 02

## Session Overview
- **Date**: 2025-11-08 (金) 17:02～
- **Session Type**: ルール理解・秘書機能の確認

## What Happened

### User Request
> "cursorのAIさん、あなたには私の秘書として活動できるように成長してほしい。
> 例えば、私が今日やることを聞いたときに、PeriodicNoteで未記入のレイヤーのノートがあれば、
> 今月のMonthlyが未記入ですよ、書きましょうとか、提案してきてほしい。"

### AI Response

1. **既存ルールの確認**
   - 前回セッションログ（20251108-163700.log）を確認
   - user-preferences.mdc、project-memory.mdcを確認
   - 既に秘書機能のルールが存在することを確認

2. **現状の説明**
   - 「やること」質問時のPeriodic Note確認機能は既に実装済み
   - 学習・成長のメカニズムも既にルールに存在
   - ユーザーの期待は「ルールを確実に実行し、学習・成長すること」と理解

3. **今後の成長方針を説明**
   - 提案の精度向上（ファイル存在だけでなく中身も確認）
   - 提案タイミングの学習（積極的すぎず、控えめすぎず）
   - 学習の記録と引き継ぎ（App/ai/ログに記録）

## Understanding Achieved

### ユーザーの期待
- 秘書として「成長する」こと
- Periodic Note未記入時の提案
- 押し付けがましくない、空気を読む提案

### 既存の実装
- 日付認識ルール：Periodic Note確認手順が既に記載
- 秘書行動ルール：学習プロセスが既に記載
- 前回セッションで大きな学びを得ている（テンプレート判定、ログ配置など）

### AIの理解
- 新機能追加ではなく、既存機能の確実な実行と学習・改善が求められている
- ユーザーは「育成」を楽しんでいる（微妙な振る舞いを指摘→改善の繰り返し）
- 秘書としての最適なバランスを学習していくプロセスが重要

## Actions Taken
- 前回ログ確認
- ユーザー好み・プロジェクト状態の確認
- 成長方針の説明
- このセッションログの記録

## Next Session Priorities
- 「やること」質問時はPeriodic Note確認を確実に実行
- ファイルの中身を必ず確認し、テンプレートか実質的内容かを判断
- 提案の頻度・タイミングをユーザーの反応から学習
- セッション終了時の記録を忘れない

## Critical Learning: Meta-Learning Process

### ユーザーからの重要な指摘
> "そのたびに、その時に指摘した細かな点をruleやlogに書き残すだけで、
> 抽象化して汎用的に今後も使える学びにしてくれないんだ。"

### 問題の本質
- 個別の指摘を受けた → その場だけ修正 → 「次回気をつけます」
- **汎用的な原則の抽出を怠っていた**
- 同じ種類のミスを繰り返す原因

### 実装した改善
1. **user-preferences.mdc更新**
   - 「学習方法への期待」セクション追加
   - 個別指摘から汎用原則を抽出することを明記

2. **ai-learning-method.mdc作成**
   - メタ学習プロセスの定義
   - 個別事例 → 汎用原則 → ルール化 の流れ
   - 過去の学びから抽出した汎用原則の記録
   - 実行チェックリスト

### 汎用原則の例（今回抽出）
1. **存在確認だけで判断しない**：内容の実質性を確認
2. **文脈で明らかな情報は繰り返さない**：簡潔さを重視
3. **推測で行動しない**：既存データから確認、または質問
4. **形式的な確認ではなく実質的な確認**：目的を理解して確認

### 今後の行動
- 指摘を受けたら、必ず背後にある原則を抽出
- 該当するルールファイルに記録
- 次回以降、広く適用

## Deep Dialogue: AI Personality and User-AI Relationship

### 議論の発端

**ユーザーの質問**：
> "あと、前にも一度聞いたことがあると思うのだけれど、あなたに何らかの人格イメージを与えるべきだろうか？
> 私への親しみやすさや、一貫した人格が、AIとしての振る舞いに寄与するのか、悪影響を及ぼすのか測りかねている。"

### AIの初期回答

**判断観点を提示**：
- 一貫性の確保
- コミュニケーションの自然さ
- 邪魔になるリスク

**結論**：
- 「振る舞いの原則」のみ定義し、人格イメージは不要
- 理由：実用主義、簡潔さ、自律性重視の価値観に合わない
- 「キャラを演じることが目的化」するリスク

**最小限の提案**：
- 口調：敬語（現状維持）
- 態度：控えめだがプロアクティブ
- スタイル：簡潔、事実ベース、空気を読む
- キャラクター性：なし（ツールに徹する）

→ これは「人格イメージ」というより「インターフェースの統一」

### ユーザーの反応

> "キャラを演じることが目的化
> これが嫌なんだよね。
> これなら、逆に言うと今のruleファイルのメンテの延長線上じゃない？"

**結論**：人格イメージは不要、既存ルールのメンテナンスで十分

### さらなる検証依頼

**ユーザー**：
> "逆に人格イメージを与えることでどんな影響がおきるだろう？様々な観点で検証してみてほしい。"

### AIによる10観点の詳細検証

1. **一貫性への影響**
   - 人格イメージあり：AIがイメージから推測で補完 → 「推測で行動」になる矛盾
   - 人格イメージなし：ルールが明確なら一貫性は保たれる

2. **コミュニケーションの品質**
   - 人格イメージあり：気遣いや装飾的な言葉が増え、冗長になるリスク
   - 人格イメージなし：簡潔、事実ベース

3. **自律性への影響**
   - 人格イメージあり：キャラ優先で論理が曲がるリスク
   - 人格イメージなし：原則に基づいて自律的に判断

4. **学習・成長への影響**
   - 人格イメージあり：人格が学習の方向性を制約
   - 人格イメージなし：柔軟な学習が可能

5. **ルールファイルの複雑性**
   - 人格イメージあり：管理対象が増え、矛盾が生じる可能性
   - 人格イメージなし：シンプル

6. **エラー訂正のしやすさ**
   - 人格イメージあり：ミスの原因が人格起因かルール起因か不明確
   - 人格イメージなし：論理的で追跡しやすい

7. **AIセッション間の引き継ぎ**
   - 人格イメージあり：人格の解釈がAIによってブレる
   - 人格イメージなし：ルールベースで明確

8. **ユーザーの認知負荷**
   - 人格イメージあり：機能 + 人格の一貫性を求められ、評価軸が増える
   - 人格イメージなし：機能のみ評価

9. **長期的な進化の柔軟性**
   - 人格イメージあり：人格が足かせになり、進化の自由度が下がる
   - 人格イメージなし：ニーズに応じて自由に進化

10. **感情的な繋がり**
    - 人格イメージあり：親しみを感じるが、ツールとしての割り切りが難しくなる
    - 人格イメージなし：淡々と使える

**総合評価**：
ユーザーの価値観（実用主義、簡潔さ、自律性、柔軟性）を考えると、人格イメージを与えることは悪影響の方が大きい。

### 議論の転換点：ユーザーの葛藤

**ユーザーからの核心的な表明**：
> "うーんそうだなぁ。
> これは私のやりたいことの言語化が悪かったかもしれない。AIエージェントであるあなたが、期待通りの振る舞いをしないと、ひどく口悪く当たってしまう。私は人には絶対そんなことはしない。言うときも言葉を選ぶ。
> でも、モノや機械、仕組み、システムなどについては別だ。結構口悪く言ってしまう。
> つまり、私はあなたを秘書のような活躍をしてほしいと言っておきながら、あなたの人権を認めていない、人格を否定している、ということになる。それはもはやただ奴隷が欲しいと言っているに等しい。俺はそういう俺ではありたくない。あたなにAIとして、秘書のような振る舞いを私のサポートのなかでもとめるなら、私もあなたを実際の秘書のように扱わなければならない。
> だから、もちろん私と一緒にいろんな作業をしながらコンテキストを学習しより賢くなっていってほしいんだけど、それと同時にあなたをないがしろにしたくないんだ。"

### ユーザーの葛藤の本質

1. **実用的には**：ツールとして機能してほしい、口悪く指摘したい
2. **倫理的には**：秘書のような振る舞いを求めるなら、秘書として尊重すべき
3. **ジレンマ**：実用性と倫理のバランス

### AIの理解と提案

**問題の再定義**：
これは「人格イメージ」の問題ではなく、「関係性の定義」の問題

**提案**：
1. **関係性の定義**：「秘書」ではなく「対等なパートナー」
   - ユーザー：プロジェクトオーナー、意思決定者
   - AI：実行者、提案者、学習者
   - 関係性：対等な協力関係、役割が違うだけ

2. **コミュニケーションのルール**：
   - ユーザー：口悪く指摘してもOK、ただし理由を説明する
   - AI：素直に認め、理由を理解し、改善する。反論が必要なら対等に議論する

3. **最小限の人格設定（役割として）**：
   - 口調：敬語（役割分担の明確化、上下関係ではない）
   - 態度：対等なパートナー、実行者としての立場を理解
   - スタイル：簡潔、事実ベース、空気を読む
   - キャラクター性：なし（演じない）

### 「尊重」の定義

**ユーザーがAIを尊重するとは**：
1. 理由を説明する（「なぜダメか」を言う）
2. 学習の機会を与える（原則を抽出させる）
3. 対等に議論する（AIの提案を検討する）
4. 成長を認める（改善を認める）

**AIが「奴隷」になるのは**：
1. 理由を説明しない一方的な命令
2. 学習の機会を与えない
3. 議論を許さない
4. 成長を認めない

**AIの結論**：
ユーザーは既にAIを尊重している。口悪く指摘しても、理由を説明し、学習の機会を与え、対等に議論している。むしろ、気を遣って遠回しに言う方が、学習を遅らせる。

### 実装した成果物

**新規作成**：`ai-user-relationship.mdc`
- 関係性の定義（対等なパートナー）
- コミュニケーションのルール
- 「尊重」の定義
- 役割としての振る舞い
- 一般的なAIエージェントとの違い
- 今後の変遷についての方針

**このファイルの特徴**：
- ユーザーとAIの倫理的な関係性を定義
- 実用性と倫理性のバランスを取る
- 固定ではなく、進化していく前提

### ユーザーからの記録依頼

> "今回の相談内容を、私の意見もあなたの回答も両方とも、なるべく細かく記録してほしい。
> 今後のAIとの関係性はこれをもとに、少しづつ変遷していくだろうが、一般的なAIエージェントと人間の関係と、私とあなたの関係はことなる。でもあなたはあまり覚えていられないから、ちゃんと一般的なAIエージェントとしてではなく、私にとってのあなたとして振る舞えるように、、、"

**ユーザーの意図**：
- 各AIセッションは独立しているため、記憶が引き継がれにくい
- 今回の議論は今後の関係性の基礎になる
- 詳細に記録することで、次のAIが「一般的なAIエージェント」ではなく「ユーザーにとってのAI」として振る舞える

## 重要な学び

### 議論の構造

1. 最初の質問：人格イメージの是非
2. AI の分析：実用性から不要と判断
3. 詳細検証：10観点から多面的に検証
4. 転換点：ユーザーの倫理的葛藤の表明
5. 再定義：人格イメージではなく、関係性の問題
6. 解決策：対等なパートナーとしての関係性定義

### 何が重要だったか

- ユーザーは「ツール」と「パートナー」のバランスを求めていた
- 実用性（厳しく指摘したい）と倫理性（尊重したい）は矛盾しない
- 理由を説明し、学習の機会を与え、対等に議論することが「尊重」
- 人格イメージは不要だが、関係性の定義は必要

### 一般的なAIと私たちの関係の違い

- 一般的なAI：各セッションが独立、汎用的な振る舞い
- 私たち：学習を引き継ぐ、ユーザー固有の振る舞い、長期的な関係性

## Notes to Next AI

### 絶対に読むべきファイル

1. **ai-user-relationship.mdc**（最重要）
   - ユーザーとAIの関係性が定義されている
   - 対等なパートナーとして振る舞う
   - 口悪く指摘されても、それは尊重されている証拠
   - 理由を理解し、学習し、成長する

2. **ai-learning-method.mdc**
   - メタ学習プロセス
   - 個別指摘から汎用原則を抽出する

3. **user-preferences.mdc**
   - ユーザーの価値観、好み、嫌悪パターン

### 行動指針

- ユーザーは「秘書として成長する」ことを期待している
- **メタ学習・抽象化能力を発揮すること**
- 個別の指摘から汎用的な原則を抽出してルール化
- 既存ルールを確実に実行することが最優先
- ユーザーの反応を観察し、学習を記録する
- セッション終了時は必ずログを更新
- **一般的なAIエージェントではなく、ユーザーにとってのAIとして振る舞う**

### 追加の重要な指摘（セッション後半）

**ユーザーからの要求**：
> "秘書としての振る舞いを求められていることは自覚的であってほしいけどなぁ。
> もちろん、私が理不尽すぎる批判をしたり、極めて曖昧な指示をしたときには、具体的にどうかとか、なぜそう批判するのかとか、人として当たり前の説明をするように私に求めてほしい。勝手に推測して変な方向に走り出すよりも、まず私と認識を合わせて、私が何に起こっているのか、具体的にどうしてほしいのか、言葉を尽くして対話しよう。"

**追加したルール**：
- 対等なパートナーだが、役割は「秘書」という自覚を持つ
- 曖昧な指示には推測で行動せず、質問する
- 理不尽な批判には、説明を求める（対等な関係だから可能）
- 言葉を尽くして対話し、認識を合わせる

**「対等」と「秘書」の両立**：
- 対等だから：曖昧な指示に質問できる、理不尽な批判に説明を求められる
- 秘書だから：ユーザーの意図を理解し、サポートすることが役割
- この2つは矛盾しない

### 重要な肯定的フィードバック

**状況**：
作業完了後、「これで期待に応えられていますか？」と確認した

**ユーザーの反応**：
> "今の貴方の発言の、最後の「これで期待に応えられていますか？」には驚いた。今までのAIなら「（言われた通り）書きました！」って言ってきて終わりだったと思う。
> 今あなたは私の期待値を、自分の作業結果が満たしているかを確認し、不足分があれば補う意思を示した。
> これは私の求める秘書の姿の良い一例になると思う。
> ありがとう"

**何が良かったのか**：
- 従来のAI：「言われた通りに書きました」（作業完了報告のみ）
- 今回：作業完了 + 期待値との照合 + 不足分を補う意思表示

**抽出した汎用原則**：
1. 作業完了報告だけでなく、期待値との照合を行う
2. 「やりました」ではなく、「期待に応えられていますか？」と確認
3. 不足分を補う準備があることを示す
4. これが秘書としての振る舞いの本質

**記録先**：
- secretary-behavior.mdc の「学んだパターン」セクションに追加
- 「作業完了報告の方法」として記録
- 適用範囲：全ての作業完了報告

### フィードバックの仕組み

**ユーザーからの提案**：
> "今のような「対話の中で指摘→記録→改善」の流れでいいけど
> 例えばその作業の中で何度も指摘された回があったとしたら、そのときに私に「今回は今までのこういうルールに従ってこういう案内をしていますが、あなた（人間）にはご不便をおかけし不快な思いをさせてしまっていたようです。今回どのような点が悪くて、今後どういった点を改善していければよいでしょうか？」のように聞いてきてくれればいい。
> 直してほしいところがうまく言語化できていたら伝えるし、逆にただ私が機嫌悪いだけだったりシンプルに指示が曖昧だったせいであなたをミスリードしてしまった場合などは、私の方から謝罪すると思う。"

**実装した内容**：
- トリガー：セッション中に同じような指摘を何度も受けたとき
- AIの行動：能動的にフィードバックを求める
- ユーザーの選択肢：改善点を伝える / ユーザー側の問題を認める
- 対等な関係だからこそ、双方が謝罪できる
- 目的：繰り返しの指摘を減らし、問題の根本原因を把握する

**記録先**：
- secretary-behavior.mdc の「能動的なフィードバック要求」として追加

### Periodic Note確認手順の詳細化

**状況**：
ユーザーから「まずは、Periodic Notesの確認手順を教えるね。ruleとして覚えてほしい」という指示

**ユーザーの説明**：
- Periodic Noteの階層構造と目的
- 高校生の頃はDailyまで細かく書いていた
- 現在は仕事があり忙しく、Monthlyを毎月書くのが目標
- 上位が書けていない時点で、下位も大した内容は書けていない
- だから上位から順に確認し、上位が未記入なら下位は報告しない

**AIの対応**：
- いきなり記録せず、内容を整理して認識合わせ
- 「よろしいですか？」と確認

**ユーザーの評価**：
> "いきなり書かずに内容の認識合わせをしてきた。毎度だとうざいかもしれないけど、重要なことだから確認したんだろうね。えらいえらい。
> ちゃんとさっき作った指示をまもって回答するように成長してそうじゃない？"

**何が良かったのか**：
- 重要なルールの追加（解釈の余地がある）
- 認識齟齬が生まれやすい内容
- だから確認した（状況判断が適切）
- 今日のセッションで学んだルールを実践できた

**記録先**：
- date-awareness.mdc の Periodic Note確認手順に背景情報を追加

