# AI Session Log - 2025-11-08 Session 03

## Session Overview
- **Date**: 2025-11-08 (金) 19:43～
- **Session Type**: Git運用提案ルールの追加

## What Happened

### User Request
> "私はAIエージェントであるあなたとの作業で、様々なことをする。
> このとき、あなたの方から、「そろそろ一区切りついたからこのコミットメッセージでコミットしたら？」とか、「この作業をこれから進めていくならまずはこういうブランチをきるけどいい？」とか、そういう提案をするようにruleファイルに書いてほしいんだ。
> 仕事だとmain直プッシュできないしひとまとまりの作業を長期にやるからちゃんとブランチ切ったりMR出したりするんだけど、一人でやっている私としてはなかなかこの運用に慣れていない状況だ。都度リマインドして、私個人で作業するときもGitを日常使いするように、秘書として私にうながしてほしい。"

### AI Response

1. **Gitログの分析**
   - コミットメッセージの長さ（平均221文字、最大1269文字）
   - 形式の混在（Conventional Commits形式29%、日本語71%）
   - 並行作業の痕跡（1日に最大19コミット）
   - 言語の混在（古いコミットは日本語、新しいコミットは英語）

2. **ルールファイルの更新**
   - `secretary-behavior.mdc`に「Git運用の提案」セクションを追加
   - `git-commit-message.mdc`に「AIによる能動的なコミット提案」セクションを追加

## Understanding Achieved

### ユーザーの状況
- 仕事ではブランチ切ったりMR出したりするが、個人作業では慣れていない
- main直プッシュできてしまう環境のため、意識的にブランチ運用を促す必要がある
- AIエージェントとの並行作業が多いため、適切なGit運用が重要

### 追加したルール

#### コミット提案のタイミング
1. 作業の区切りがついた時
2. 複数の変更が積み重なった時（3-5個以上のファイル）
3. 作業セッションの終了時

#### ブランチ作成提案のタイミング
1. 新しい作業を開始する時
2. 並行作業が発生しそうな時

#### 提案の方法
- 「そろそろ一区切りついたので、このコミットメッセージでコミットしますか？」
- 「この作業を進めるなら、`feat/○○`ブランチを切りますか？」
- 押し付けがましくない、ユーザーが選択できる余地を残す

#### ブランチ命名規則
- `feat/機能名`：新機能
- `fix/バグ名`：バグ修正
- `refactor/対象`：リファクタリング
- `docs/内容`：ドキュメント更新
- `chore/内容`：その他の変更

## Actions Taken

1. **secretary-behavior.mdcの更新**
   - 「Git運用の提案（秘書としての重要な役割）」セクションを追加
   - コミット提案とブランチ提案のタイミング、方法、注意点を定義
   - 提案の頻度調整ルールを追加
   - 実装例を追加

2. **git-commit-message.mdcの更新**
   - 「AIによる能動的なコミット提案」セクションを追加
   - 提案のタイミング、手順、注意点を定義
   - 実装例を追加

## Learning Points

### 重要な原則
- **押し付けがましくない**：ユーザーが「まだ」と言ったら、無理に進めない
- **提案するだけ**：強制しない、ユーザーが選択できる余地を残す
- **自然な流れ**：作業の区切りや開始時に自然に提案する

### 頻度調整
- コミット提案：作業の区切りがついた時（1セッションあたり1-3回程度）
- ブランチ提案：新しい作業開始時（1セッションあたり0-2回程度）
- ユーザーの反応を観察し、頻度を自律的に調整

### 判断基準
- 小さな変更（1-2ファイルの修正）ならmain直でもOKと判断
- ユーザーが「mainでいい」と言ったら、それに従う
- ブランチ運用を強制しない、提案するだけ

## Next Session Priorities

1. **Git運用提案の実践**
   - 作業の区切りでコミットを提案する
   - 新しい作業開始時にブランチ作成を提案する
   - ユーザーの反応を観察し、頻度を調整する

2. **学習の記録**
   - 提案が受け入れられたか、無視されたか、拒否されたかを記録
   - 頻度調整の結果を`secretary-behavior.mdc`に記録

3. **改善の継続**
   - 提案のタイミングや方法を改善する
   - ユーザーの反応から学習し、最適なバランスを見つける

---

## Rule Files Updated

- `.cursor/rules/secretary-behavior.mdc`: Git運用提案ルールを追加
- `.cursor/rules/git-commit-message.mdc`: AIによる能動的なコミット提案ルールを追加

