# AI Session Log - 2025-11-04 02:14

## Session Summary

**Date**: 2025-11-04 (深夜)
**Session Start**: ~01:00頃
**Session End**: 02:14
**Project**: minimum-sns-post-app2 アプリケーション仕様書の作成

## Main Activities

### 1. アプリケーション仕様.mdの大幅更新

minimum-sns-post-app1を元に、CRUD完全対応版の仕様書を作成。

#### 主な変更内容：

**機能拡張**
- 投稿・閲覧のみ → 投稿・閲覧・編集・削除（CRUD完全対応）
- フロントエンドに編集ボタン・保存ボタン・削除ボタンを追加
- 編集モードの実装仕様を追加

**API仕様の詳細化**
- 全エンドポイントのレスポンス構造を統一
  - 成功時：ステータスコード、レスポンス例
  - 失敗時：ステータスコード、エラーメッセージ
- エンドポイント追加：
  - POST /api/posts：バリデーションエラー（400）追加
  - GET /api/posts/:id：追加
  - PUT /api/posts/:id：追加（バリデーションエラー、404対応）
  - DELETE /api/posts/:id：追加（404対応）
- DBスキーマに `updatedAt` 追加

**テスト要件の大幅強化**
- 必須/推奨の区分を明確化
  - 必須：バックエンド単体・統合テスト、フロントエンドコンポーネントテスト（全クリア必須）
  - 推奨：E2Eテスト（ツールが成熟している場合のみ）
- テスト観点リストの追加（技術スタック非依存）
  - バックエンドAPI：18項目
  - フロントエンド：14項目
  - E2E：1項目
- 「最低限の共通テスト観点」であり、柔軟に追加することを明記

**デプロイ要件の簡略化**
- 基本方針：ローカル環境での技術検証
- CI/CD・本番デプロイはオプション（ユーザー要求時のみ）

**ドキュメンテーション**
- 追加設計ドキュメント（画面設計書、API設計書、ER図など）はユーザー指示時のみ作成
- 状況に応じて必要なドキュメントを選択（例：画面のみ変更なら画面設計書のみ）

### 2. ドキュメント作成ルールの追加・強化

`documentation-writing.mdc` に以下を追加：

**6. 括弧内の情報が長すぎる場合は階層化する**
- 長い括弧表現は読みにくい
- 階層化して情報を整理

**7. コロンの使い方**
- 全角コロン（：）を使う（半角コロン（:）は使わない）
- コロンの後に長文が来る場合はインデント化
- コロンは「単語レベル」の情報を並べる場合に使う
- 許容例：「課題1：解決」「ステータスコード：`200 OK`」

**8. 1文に記号は1つまで**
- コロン（：）、括弧（（））などの文章構造を表現する記号は、1文に1つ程度に抑える
- 記号が多いと読みにくくなる
- インデント化すれば「例：」などの記号は不要
- 括弧内の補足情報は別の行にインデント
- 列挙は階層化する

### 3. 文章構造の大幅改善

**階層化による記号の削減**
- 技術スタックの例示：長い列挙をインデント化
- データベーススキーマ：カラム定義を1行→各カラムを階層化
- テスト観点：「（推奨）」などをインデント化
- 「例：」を削除してインデントのみで表現

**コロンの統一**
- 半角コロン（:）→全角コロン（：）に全て変更
- コロン後の長文をインデント化

**全体的な読みやすさの向上**
- AIの返答コピペ感のある前後の説明文を削除
- 独立したドキュメントとして成立する構成に変更

## User Feedback & Learning

### ユーザーの好み・嫌悪パターン

**好むスタイル：**
- 階層構造が揃っている（並列なものは同じ構成）
- 1文に記号は1つまで
- インデントで構造を表現（コロンや括弧を多用しない）
- 全角コロン（：）の使用
- 簡潔で読みやすい文章

**嫌うスタイル：**
- 記号が多い文章（例：「主題：内容（補足：XXX）の文章...」）
- 階層構造が揃っていない（ステータスコードの有無が混在など）
- コロンの後に長文が続く
- AIの返答感が残る文章（「承知しました。...」など）
- 曖昧な条件（「複雑化した場合」など）

### 設計方針についての学び

**テスト要件：**
- 単体テスト・統合テストは必須（全クリア必須）
- E2Eテストは推奨（技術スタック次第）
- 新しい技術への挑戦をブロックしない現実的な仕様
- テスト観点リストは「最低限のベースライン」であり、柔軟に追加

**設計ドキュメント：**
- このシンプルなアプリには詳細な設計ドキュメント不要
- 機能が複雑化したらユーザー指示で作成
- 状況に応じて必要なドキュメントを選択

**デプロイ：**
- 基本はローカル環境での技術検証
- CI/CD・本番デプロイはオプション

## Deliverables

1. `minimum-sns-post-app2/アプリケーション仕様.md`（209行）
   - CRUD完全対応版の包括的な仕様書
   - 技術スタック非依存
   - AIコーディングエージェントがそのまま実装できるレベルの詳細度

2. `.cursor/rules/documentation-writing.mdc` の更新
   - 新規ルール3つ追加
   - チェックリスト3項目追加

## Next Session Priorities

1. この仕様書を使って実際にアプリを実装する場合：
   - 技術スタックの選定
   - テスト観点リストに基づくテストケースの作成
   - 実装・テスト・デプロイ

2. 仕様書のブラッシュアップが必要な場合：
   - ユーザーからのフィードバックを反映
   - 追加機能の仕様追加

## Session Reflection

### Good Points
- ユーザーの細かいフィードバックを的確に反映
- ドキュメント作成ルールとして一般化・記録
- 読みやすさを重視した構造改善

### Areas for Improvement
- 最初から「1文に記号は1つまで」を意識すべきだった
- セッションログを自発的に残すべきだった（指摘されて気づいた）

---

## Session End: 2025-11-04 02:14

