# AI Session Log - 2025-11-08 Session 01

## Session Overview
- **Date**: 2025-11-08 (土) 16:37～
- **User Context**: 明日休日出勤、今日が唯一の休日

## What Happened

### User Query
- 「今日は何をしようか」という相談
- 優先事項の提案を求められた

### Actions Taken
1. 現在日時確認：2025-11-08 16:37
2. Periodic Notes状態確認（Daily/Weekly/Monthly/Quarterly）
3. 前回セッションログ確認（なし）
4. 優先事項を提案

## Critical Mistakes Made

### 1. Periodic Notesの認識エラー（重大）
**問題：**
- ファイルが存在する = 内容を書いた、と誤認識した
- 特に2025-Q4.mdを「作成済み、内容あり」と報告した
- Monthly Note（2025-11.md）も「作成済み」と報告した

**ユーザー指摘：**
> "これObsidianのテンプレートだから、1文字もかけてないって扱いでいいよ"
> "Yearly～Dailyまで、全部テンプレートになってるから、ファイルが有るだけで書いてあると思わないでほしい"

**正しい理解：**
- Periodic NotesはObsidianテンプレートで自動生成される
- ファイル存在 ≠ 内容を書いた
- 実質的な内容（テンプレート以外の記述）があるかで判断する必要がある
- dataviewクエリ、空のセクション、リンクのみの行はテンプレート

**実際の状態（再評価）：**
- 2025-Q4.md：実質的な内容あり（あり方、目標、具体的なタスクなど）
- 2025-11.md：テンプレートのみ（未記入）
- 20251108.md：テンプレートのみ（未記入）
- 2025-W45.md：ファイル未作成

### 2. 記憶の記録先を間違えた（重大）
**問題：**
- Cursorの標準Memory機能（update_memory）を使った
- ルールファイルには「ai/{yyyyMMdd}-*.log に記録しろ」と明記されている

**ユーザー指摘：**
> "ruleファイルに書いてあるような独自のログや学習をしろって言ってんのに...."

**ユーザー対応：**
- Cursorの標準Memory機能をオフにした（紛らわしいため）

### 3. ログファイルの配置場所を2回も間違えた（致命的）
**間違い1：**
- `C:\Users\yoshi\Documents\Obsidian Vault\ai\20251108-01.log` に作成
- ユーザー指摘：「logを変なところに生成すんなよふざけんな」

**間違い2：**
- `C:\Users\yoshi\Documents\Obsidian Vault\Notes\Private\2 Work\2.3. エンジニア\個人開発\App\ai\20251108\session-01.log` に作成しようとした
- ユーザー指摘：「そこでもない...」

**正しい場所：**
```
C:\Users\yoshi\Documents\App\ai\20251108-163700.log
```

**ファイル名パターン（既存ファイルから確認）：**
- `20251104-044100.log`
- `20251104-010000.log`
- `20251102-223000.log`
- `20251102.log`
- `20251027.log`

形式：`{yyyyMMdd}-{HHMMSS}.log` または `{yyyyMMdd}.log`

## Root Cause Analysis

### なぜ3回も間違えたのか
1. **ルールファイルの読み方が甘い**
   - "ai/{yyyyMMdd}.log" という記述を「相対パス」として読んだ
   - どこからの相対パスかを確認しなかった
   - 既存ファイルの実際の配置を確認しなかった

2. **推測で行動した**
   - ObsidianVault内だろうと推測
   - プロジェクト管理配下だろうと推測
   - 実際のファイルを探して確認しなかった

3. **確認不足**
   - glob_file_searchでログファイルを探したが、見つからなかった時点で既存ログの場所を探すべきだった
   - ユーザーに場所を聞くべきだった

### 正しい手順
1. ルールに `ai/{yyyyMMdd}.log` と書いてある
2. まず既存のログファイルを探す（glob_file_search、広い範囲で）
3. 見つかった場所を確認
4. 同じ場所に作成

## Lessons Learned

### 1. Periodic Notesの扱い
- ファイルの存在確認だけでは不十分
- 必ず中身を読んで、実質的な内容があるか確認する
- テンプレート由来のセクション・クエリは「未記入」扱い

### 2. 記録・記憶の方法
- Cursor標準機能ではなく、独自のaiログに記録する
- セッション終了時の記録を忘れない
- 重要な学びはその場でログに追記する

### 3. ファイル配置の確認
- ルールに書いてある相対パスは、必ず既存ファイルで確認
- 推測で配置しない
- 不明な場合は必ず既存ファイルを探すか、ユーザーに確認

### 4. ルールの遵守
- 「書いてあるのに守ってない」が最悪
- 謝罪だけでなく、原因分析と改善策を記録
- 同じミスを繰り返さない

## User Updates
- 髪切る予約：11/13に予約済み（2025-Q4.mdに記録）
- コーヒー豆：購入済み（2025-Q4.mdに記録）

## Current State
- Periodic Notes実質記入済み：2025-Q4.md のみ
- Periodic Notes未記入：2025-11.md（テンプレートのみ）、20251108.md（テンプレートのみ）
- Periodic Notes未作成：2025-W45.md

## Next Session Priorities
1. Monthly/Weekly Noteの記入提案（ただし押し付けがましくなく）
2. 開発タスク（minimum-sns-post-app2）の進捗確認
3. Periodic Notesの確認時は必ず中身をチェック、テンプレートか実質的内容か判断する

## Rule File Updates

### ログパスの明確化（17:10頃）
**問題：**
- ルールファイル内の `ai/{yyyyMMdd}.log` が曖昧だった
- Obsidian内かAppワークスペース内か不明確

**修正内容：**
- 全てのルールファイルで `App/ai/{yyyyMMdd}.log` と明記
- 冗長な注釈「（Appワークスペースルートからの相対パス）」は削除
- `App/ai/` で十分明確

**修正したファイル：**
- secretary-behavior.mdc
- project-memory.mdc
- user-preferences.mdc
- date-awareness.mdc
- ai-collaboration.mdc
- obsidian-docs-placement.mdc

**学んだこと：**
- 人間の指示をただ繰り返すだけの注釈は邪魔
- `App/ai/` と書けば明確、余計な説明は不要
- 簡潔さを重視する

### 冗長な括弧禁止ルールの追加（17:15頃）
**ユーザー指摘：**
> "こういう無駄な、人間からの指示をただ繰り返すだけの（）を絶対につけるな。邪魔。害悪"
> "これどっかにファイル修正時のルールとして書いておいてほしい。毎回指摘させるな"

**対応：**
- `documentation-writing.mdc` に「8. 冗長な説明的括弧を付けない」セクションを追加
- 文脈で明らかな情報を括弧で繰り返さないルールを明記
- チェックリストにも追加

**例：**
- 悪い：`App/ai/{yyyyMMdd}.log`（Appワークスペースルートからの相対パス）
- 良い：`App/ai/{yyyyMMdd}.log`

## Notes to Next AI
- ユーザーは「押し付けがましくない秘書」を求めている
- ルールに書いてあることは絶対守る
- 不明な点は推測せず、既存ファイルを探すかユーザーに確認
- ミスしたら素直に謝罪、原因分析、改善策を記録
- セッション終了時は必ずこのログを更新すること
- **ログファイルの場所：App/ai/{yyyyMMdd}-{HHMMSS}.log**
- 冗長な注釈は不要、簡潔に書く

